{"/Users/journey/playground/expo-app/src/home/CardExample.tsx": {"path":"/Users/journey/playground/expo-app/src/home/CardExample.tsx","statementMap":{"0":{"start":{"line":1,"column":42},"end":{"line":1,"column":97}},"1":{"start":{"line":1,"column":98},"end":{"line":1,"column":160}},"2":{"start":{"line":1,"column":160},"end":{"line":1,"column":208}},"3":{"start":{"line":1,"column":226},"end":{"line":1,"column":258}},"4":{"start":{"line":4,"column":13},"end":{"line":4,"column":53}},"5":{"start":{"line":8,"column":19},"end":{"line":8,"column":42}},"6":{"start":{"line":8,"column":62},"end":{"line":8,"column":123}},"7":{"start":{"line":19,"column":13},"end":{"line":26,"column":20}},"8":{"start":{"line":30,"column":19},"end":{"line":33,"column":166}},"9":{"start":{"line":30,"column":64},"end":{"line":30,"column":78}},"10":{"start":{"line":30,"column":79},"end":{"line":33,"column":165}},"11":{"start":{"line":33,"column":167},"end":{"line":33,"column":203}},"12":{"start":{"line":39,"column":17},"end":{"line":44,"column":1}},"13":{"start":{"line":40,"column":15},"end":{"line":41,"column":137}},"14":{"start":{"line":40,"column":34},"end":{"line":41,"column":136}},"15":{"start":{"line":43,"column":2},"end":{"line":43,"column":16}},"16":{"start":{"line":46,"column":18},"end":{"line":49,"column":1}},"17":{"start":{"line":47,"column":15},"end":{"line":47,"column":32}},"18":{"start":{"line":48,"column":2},"end":{"line":48,"column":146}},"19":{"start":{"line":51,"column":0},"end":{"line":51,"column":11}},"20":{"start":{"line":51,"column":12},"end":{"line":51,"column":39}}},"fnMap":{"0":{"name":"CustomHeader","decl":{"start":{"line":30,"column":28},"end":{"line":30,"column":40}},"loc":{"start":{"line":30,"column":47},"end":{"line":33,"column":166}},"line":30},"1":{"name":"makeHeader","decl":{"start":{"line":39,"column":26},"end":{"line":39,"column":36}},"loc":{"start":{"line":39,"column":44},"end":{"line":44,"column":1}},"line":39},"2":{"name":"Header","decl":{"start":{"line":40,"column":24},"end":{"line":40,"column":30}},"loc":{"start":{"line":40,"column":33},"end":{"line":41,"column":137}},"line":40},"3":{"name":"CardExample","decl":{"start":{"line":46,"column":27},"end":{"line":46,"column":38}},"loc":{"start":{"line":46,"column":46},"end":{"line":49,"column":1}},"line":46}},"branchMap":{},"s":{"0":0,"1":0,"2":0,"3":0,"4":0,"5":0,"6":0,"7":0,"8":0,"9":0,"10":0,"11":0,"12":0,"13":0,"14":0,"15":0,"16":0,"17":0,"18":0,"19":0,"20":0},"f":{"0":0,"1":0,"2":0,"3":0},"b":{}}
,"/Users/journey/playground/expo-app/src/home/Example.tsx": {"path":"/Users/journey/playground/expo-app/src/home/Example.tsx","statementMap":{"0":{"start":{"line":1,"column":42},"end":{"line":1,"column":97}},"1":{"start":{"line":1,"column":98},"end":{"line":1,"column":160}},"2":{"start":{"line":1,"column":160},"end":{"line":1,"column":185}},"3":{"start":{"line":1,"column":207},"end":{"line":1,"column":278}},"4":{"start":{"line":1,"column":297},"end":{"line":1,"column":329}},"5":{"start":{"line":4,"column":13},"end":{"line":4,"column":53}},"6":{"start":{"line":5,"column":19},"end":{"line":5,"column":42}},"7":{"start":{"line":8,"column":19},"end":{"line":8,"column":74}},"8":{"start":{"line":9,"column":12},"end":{"line":9,"column":62}},"9":{"start":{"line":10,"column":15},"end":{"line":10,"column":68}},"10":{"start":{"line":10,"column":88},"end":{"line":10,"column":145}},"11":{"start":{"line":11,"column":10},"end":{"line":11,"column":15}},"12":{"start":{"line":13,"column":13},"end":{"line":20,"column":33}},"13":{"start":{"line":24,"column":14},"end":{"line":40,"column":1}},"14":{"start":{"line":25,"column":2},"end":{"line":25,"column":28}},"15":{"start":{"line":25,"column":48},"end":{"line":25,"column":96}},"16":{"start":{"line":25,"column":113},"end":{"line":25,"column":132}},"17":{"start":{"line":25,"column":152},"end":{"line":25,"column":171}},"18":{"start":{"line":26,"column":2},"end":{"line":35,"column":138}},"19":{"start":{"line":42,"column":0},"end":{"line":42,"column":7}},"20":{"start":{"line":42,"column":8},"end":{"line":42,"column":35}}},"fnMap":{"0":{"name":"Example","decl":{"start":{"line":24,"column":23},"end":{"line":24,"column":30}},"loc":{"start":{"line":24,"column":33},"end":{"line":40,"column":1}},"line":24}},"branchMap":{},"s":{"0":0,"1":0,"2":0,"3":0,"4":0,"5":0,"6":0,"7":0,"8":0,"9":0,"10":0,"11":0,"12":0,"13":0,"14":0,"15":0,"16":0,"17":0,"18":0,"19":0,"20":0},"f":{"0":0},"b":{}}
,"/Users/journey/playground/expo-app/src/home/TopNavigator.tsx": {"path":"/Users/journey/playground/expo-app/src/home/TopNavigator.tsx","statementMap":{"0":{"start":{"line":1,"column":42},"end":{"line":1,"column":97}},"1":{"start":{"line":1,"column":98},"end":{"line":1,"column":160}},"2":{"start":{"line":1,"column":160},"end":{"line":1,"column":185}},"3":{"start":{"line":1,"column":203},"end":{"line":1,"column":235}},"4":{"start":{"line":4,"column":13},"end":{"line":4,"column":53}},"5":{"start":{"line":4,"column":73},"end":{"line":4,"column":135}},"6":{"start":{"line":6,"column":10},"end":{"line":9,"column":84}},"7":{"start":{"line":6,"column":26},"end":{"line":9,"column":83}},"8":{"start":{"line":13,"column":0},"end":{"line":13,"column":3}},"9":{"start":{"line":13,"column":4},"end":{"line":13,"column":31}}},"fnMap":{"0":{"name":"Nav","decl":{"start":{"line":6,"column":19},"end":{"line":6,"column":22}},"loc":{"start":{"line":6,"column":25},"end":{"line":9,"column":84}},"line":6}},"branchMap":{},"s":{"0":0,"1":0,"2":0,"3":0,"4":0,"5":0,"6":0,"7":0,"8":0,"9":0},"f":{"0":0},"b":{}}
,"/Users/journey/playground/expo-app/src/home/index.tsx": {"path":"/Users/journey/playground/expo-app/src/home/index.tsx","statementMap":{"0":{"start":{"line":1,"column":43},"end":{"line":1,"column":99}},"1":{"start":{"line":1,"column":129},"end":{"line":1,"column":184}},"2":{"start":{"line":1,"column":185},"end":{"line":1,"column":247}},"3":{"start":{"line":1,"column":247},"end":{"line":1,"column":272}},"4":{"start":{"line":1,"column":284},"end":{"line":1,"column":325}},"5":{"start":{"line":2,"column":15},"end":{"line":2,"column":66}},"6":{"start":{"line":2,"column":86},"end":{"line":2,"column":141}},"7":{"start":{"line":4,"column":18},"end":{"line":5,"column":101}},"8":{"start":{"line":4,"column":42},"end":{"line":5,"column":100}},"9":{"start":{"line":8,"column":0},"end":{"line":8,"column":11}},"10":{"start":{"line":8,"column":12},"end":{"line":8,"column":39}}},"fnMap":{"0":{"name":"MyComponent","decl":{"start":{"line":4,"column":27},"end":{"line":4,"column":38}},"loc":{"start":{"line":4,"column":41},"end":{"line":5,"column":101}},"line":4}},"branchMap":{},"s":{"0":0,"1":0,"2":0,"3":0,"4":0,"5":0,"6":0,"7":0,"8":0,"9":0,"10":0},"f":{"0":0},"b":{}}
,"/Users/journey/playground/expo-app/src/lottie/Girl.tsx": {"path":"/Users/journey/playground/expo-app/src/lottie/Girl.tsx","statementMap":{"0":{"start":{"line":1,"column":42},"end":{"line":1,"column":97}},"1":{"start":{"line":1,"column":98},"end":{"line":1,"column":160}},"2":{"start":{"line":1,"column":160},"end":{"line":1,"column":185}},"3":{"start":{"line":1,"column":208},"end":{"line":1,"column":280}},"4":{"start":{"line":1,"column":301},"end":{"line":1,"column":370}},"5":{"start":{"line":1,"column":405},"end":{"line":1,"column":488}},"6":{"start":{"line":1,"column":512},"end":{"line":1,"column":584}},"7":{"start":{"line":1,"column":602},"end":{"line":1,"column":668}},"8":{"start":{"line":1,"column":694},"end":{"line":1,"column":748}},"9":{"start":{"line":2,"column":13},"end":{"line":2,"column":53}},"10":{"start":{"line":3,"column":19},"end":{"line":3,"column":42}},"11":{"start":{"line":3,"column":62},"end":{"line":3,"column":118}},"12":{"start":{"line":7,"column":13},"end":{"line":10,"column":16}},"13":{"start":{"line":13,"column":7},"end":{"line":23,"column":49}},"14":{"start":{"line":13,"column":36},"end":{"line":13,"column":84}},"15":{"start":{"line":13,"column":101},"end":{"line":13,"column":143}},"16":{"start":{"line":13,"column":143},"end":{"line":13,"column":257}},"17":{"start":{"line":13,"column":258},"end":{"line":23,"column":10}},"18":{"start":{"line":15,"column":6},"end":{"line":20,"column":79}},"19":{"start":{"line":23,"column":10},"end":{"line":23,"column":22}},"20":{"start":{"line":23,"column":50},"end":{"line":23,"column":73}}},"fnMap":{"0":{"name":"(anonymous_0)","decl":{"start":{"line":13,"column":7},"end":{"line":13,"column":8}},"loc":{"start":{"line":13,"column":35},"end":{"line":23,"column":23}},"line":13},"1":{"name":"Girl","decl":{"start":{"line":13,"column":93},"end":{"line":13,"column":97}},"loc":{"start":{"line":13,"column":100},"end":{"line":13,"column":258}},"line":13},"2":{"name":"render","decl":{"start":{"line":13,"column":325},"end":{"line":13,"column":331}},"loc":{"start":{"line":14,"column":4},"end":{"line":23,"column":5}},"line":14}},"branchMap":{},"s":{"0":0,"1":0,"2":0,"3":0,"4":0,"5":0,"6":0,"7":0,"8":0,"9":0,"10":0,"11":0,"12":0,"13":0,"14":0,"15":0,"16":0,"17":0,"18":0,"19":0,"20":0},"f":{"0":0,"1":0,"2":0},"b":{}}
,"/Users/journey/playground/expo-app/src/lottie/Smoking.tsx": {"path":"/Users/journey/playground/expo-app/src/lottie/Smoking.tsx","statementMap":{"0":{"start":{"line":1,"column":42},"end":{"line":1,"column":97}},"1":{"start":{"line":1,"column":98},"end":{"line":1,"column":160}},"2":{"start":{"line":1,"column":160},"end":{"line":1,"column":185}},"3":{"start":{"line":1,"column":208},"end":{"line":1,"column":280}},"4":{"start":{"line":1,"column":301},"end":{"line":1,"column":370}},"5":{"start":{"line":1,"column":405},"end":{"line":1,"column":488}},"6":{"start":{"line":1,"column":512},"end":{"line":1,"column":584}},"7":{"start":{"line":1,"column":602},"end":{"line":1,"column":668}},"8":{"start":{"line":1,"column":694},"end":{"line":1,"column":748}},"9":{"start":{"line":2,"column":13},"end":{"line":2,"column":53}},"10":{"start":{"line":3,"column":19},"end":{"line":3,"column":42}},"11":{"start":{"line":3,"column":62},"end":{"line":3,"column":121}},"12":{"start":{"line":9,"column":13},"end":{"line":12,"column":16}},"13":{"start":{"line":15,"column":10},"end":{"line":25,"column":52}},"14":{"start":{"line":15,"column":39},"end":{"line":15,"column":90}},"15":{"start":{"line":15,"column":110},"end":{"line":15,"column":155}},"16":{"start":{"line":15,"column":155},"end":{"line":15,"column":272}},"17":{"start":{"line":15,"column":273},"end":{"line":25,"column":10}},"18":{"start":{"line":17,"column":6},"end":{"line":22,"column":79}},"19":{"start":{"line":25,"column":10},"end":{"line":25,"column":25}},"20":{"start":{"line":25,"column":53},"end":{"line":25,"column":79}}},"fnMap":{"0":{"name":"(anonymous_0)","decl":{"start":{"line":15,"column":10},"end":{"line":15,"column":11}},"loc":{"start":{"line":15,"column":38},"end":{"line":25,"column":26}},"line":15},"1":{"name":"Smoking","decl":{"start":{"line":15,"column":99},"end":{"line":15,"column":106}},"loc":{"start":{"line":15,"column":109},"end":{"line":15,"column":273}},"line":15},"2":{"name":"render","decl":{"start":{"line":15,"column":343},"end":{"line":15,"column":349}},"loc":{"start":{"line":16,"column":4},"end":{"line":25,"column":5}},"line":16}},"branchMap":{},"s":{"0":0,"1":0,"2":0,"3":0,"4":0,"5":0,"6":0,"7":0,"8":0,"9":0,"10":0,"11":0,"12":0,"13":0,"14":0,"15":0,"16":0,"17":0,"18":0,"19":0,"20":0},"f":{"0":0,"1":0,"2":0},"b":{}}
,"/Users/journey/playground/expo-app/src/lottie/Test.tsx": {"path":"/Users/journey/playground/expo-app/src/lottie/Test.tsx","statementMap":{"0":{"start":{"line":1,"column":42},"end":{"line":1,"column":97}},"1":{"start":{"line":1,"column":98},"end":{"line":1,"column":160}},"2":{"start":{"line":1,"column":160},"end":{"line":1,"column":185}},"3":{"start":{"line":1,"column":208},"end":{"line":1,"column":280}},"4":{"start":{"line":1,"column":301},"end":{"line":1,"column":370}},"5":{"start":{"line":1,"column":405},"end":{"line":1,"column":488}},"6":{"start":{"line":1,"column":512},"end":{"line":1,"column":584}},"7":{"start":{"line":1,"column":602},"end":{"line":1,"column":668}},"8":{"start":{"line":1,"column":682},"end":{"line":1,"column":722}},"9":{"start":{"line":2,"column":19},"end":{"line":2,"column":42}},"10":{"start":{"line":2,"column":62},"end":{"line":2,"column":118}},"11":{"start":{"line":9,"column":7},"end":{"line":12,"column":49}},"12":{"start":{"line":9,"column":36},"end":{"line":9,"column":84}},"13":{"start":{"line":9,"column":101},"end":{"line":9,"column":143}},"14":{"start":{"line":9,"column":143},"end":{"line":9,"column":257}},"15":{"start":{"line":9,"column":258},"end":{"line":12,"column":10}},"16":{"start":{"line":11,"column":6},"end":{"line":11,"column":130}},"17":{"start":{"line":12,"column":10},"end":{"line":12,"column":22}},"18":{"start":{"line":12,"column":50},"end":{"line":12,"column":73}}},"fnMap":{"0":{"name":"(anonymous_0)","decl":{"start":{"line":9,"column":7},"end":{"line":9,"column":8}},"loc":{"start":{"line":9,"column":35},"end":{"line":12,"column":23}},"line":9},"1":{"name":"Test","decl":{"start":{"line":9,"column":93},"end":{"line":9,"column":97}},"loc":{"start":{"line":9,"column":100},"end":{"line":9,"column":258}},"line":9},"2":{"name":"render","decl":{"start":{"line":9,"column":325},"end":{"line":9,"column":331}},"loc":{"start":{"line":10,"column":4},"end":{"line":12,"column":5}},"line":10}},"branchMap":{},"s":{"0":1,"1":1,"2":1,"3":1,"4":1,"5":1,"6":1,"7":1,"8":1,"9":1,"10":1,"11":1,"12":1,"13":1,"14":1,"15":1,"16":1,"17":1,"18":1},"f":{"0":1,"1":1,"2":1},"b":{},"_coverageSchema":"1a1c01bbd47fc00a2c39e90264f33305004495a9","hash":"b7270ea6833e67b7d9713af248578f05ab8c2a5c"}
,"/Users/journey/playground/expo-app/src/todoApp/todo.tsx": {"path":"/Users/journey/playground/expo-app/src/todoApp/todo.tsx","statementMap":{},"fnMap":{},"branchMap":{},"s":{},"f":{},"b":{}}
,"/Users/journey/playground/expo-app/src/todoApp/todoMachine.ts": {"path":"/Users/journey/playground/expo-app/src/todoApp/todoMachine.ts","statementMap":{},"fnMap":{},"branchMap":{},"s":{},"f":{},"b":{}}
,"/Users/journey/playground/expo-app/src/todoApp/todos.tsx": {"path":"/Users/journey/playground/expo-app/src/todoApp/todos.tsx","statementMap":{},"fnMap":{},"branchMap":{},"s":{},"f":{},"b":{}}
,"/Users/journey/playground/expo-app/src/todoApp/todosMachine.ts": {"path":"/Users/journey/playground/expo-app/src/todoApp/todosMachine.ts","statementMap":{},"fnMap":{},"branchMap":{},"s":{},"f":{},"b":{}}
,"/Users/journey/playground/expo-app/src/todoApp/useHashChange.ts": {"path":"/Users/journey/playground/expo-app/src/todoApp/useHashChange.ts","statementMap":{},"fnMap":{},"branchMap":{},"s":{},"f":{},"b":{}}
}
