TN:
SF:src/home/CardExample.tsx
FN:30,CustomHeader
FN:39,makeHeader
FN:40,Header
FN:46,CardExample
FNF:4
FNH:0
FNDA:0,CustomHeader
FNDA:0,makeHeader
FNDA:0,Header
FNDA:0,CardExample
DA:1,0
DA:4,0
DA:8,0
DA:19,0
DA:30,0
DA:33,0
DA:39,0
DA:40,0
DA:43,0
DA:46,0
DA:47,0
DA:48,0
DA:51,0
LF:13
LH:0
BRF:0
BRH:0
end_of_record
TN:
SF:src/home/Example.tsx
FN:24,Example
FNF:1
FNH:0
FNDA:0,Example
DA:1,0
DA:4,0
DA:5,0
DA:8,0
DA:9,0
DA:10,0
DA:11,0
DA:13,0
DA:24,0
DA:25,0
DA:26,0
DA:42,0
LF:12
LH:0
BRF:0
BRH:0
end_of_record
TN:
SF:src/home/TopNavigator.tsx
FN:6,Nav
FNF:1
FNH:0
FNDA:0,Nav
DA:1,0
DA:4,0
DA:6,0
DA:13,0
LF:4
LH:0
BRF:0
BRH:0
end_of_record
TN:
SF:src/home/index.tsx
FN:4,MyComponent
FNF:1
FNH:0
FNDA:0,MyComponent
DA:1,0
DA:2,0
DA:4,0
DA:8,0
LF:4
LH:0
BRF:0
BRH:0
end_of_record
TN:
SF:src/lottie/Girl.tsx
FN:13,(anonymous_0)
FN:13,Girl
FN:13,render
FNF:3
FNH:0
FNDA:0,(anonymous_0)
FNDA:0,Girl
FNDA:0,render
DA:1,0
DA:2,0
DA:3,0
DA:7,0
DA:13,0
DA:15,0
DA:23,0
LF:7
LH:0
BRF:0
BRH:0
end_of_record
TN:
SF:src/lottie/Smoking.tsx
FN:15,(anonymous_0)
FN:15,Smoking
FN:15,render
FNF:3
FNH:0
FNDA:0,(anonymous_0)
FNDA:0,Smoking
FNDA:0,render
DA:1,0
DA:2,0
DA:3,0
DA:9,0
DA:15,0
DA:17,0
DA:25,0
LF:7
LH:0
BRF:0
BRH:0
end_of_record
TN:
SF:src/lottie/Test.tsx
FN:9,(anonymous_0)
FN:9,Test
FN:9,render
FNF:3
FNH:3
FNDA:1,(anonymous_0)
FNDA:1,Test
FNDA:1,render
DA:1,1
DA:2,1
DA:9,1
DA:11,1
DA:12,1
LF:5
LH:5
BRF:0
BRH:0
end_of_record
TN:
SF:src/todoApp/todo.tsx
FNF:0
FNH:0
LF:0
LH:0
BRF:0
BRH:0
end_of_record
TN:
SF:src/todoApp/todoMachine.ts
FNF:0
FNH:0
LF:0
LH:0
BRF:0
BRH:0
end_of_record
TN:
SF:src/todoApp/todos.tsx
FNF:0
FNH:0
LF:0
LH:0
BRF:0
BRH:0
end_of_record
TN:
SF:src/todoApp/todosMachine.ts
FNF:0
FNH:0
LF:0
LH:0
BRF:0
BRH:0
end_of_record
TN:
SF:src/todoApp/useHashChange.ts
FNF:0
FNH:0
LF:0
LH:0
BRF:0
BRH:0
end_of_record
